Ivy Default Cache set to: /opt/bitnami/spark/.ivy2/cache
The jars for the packages stored in: /opt/bitnami/spark/.ivy2/jars
:: loading settings :: url = jar:file:/opt/bitnami/spark/jars/ivy-2.4.0.jar!/org/apache/ivy/core/settings/ivysettings.xml
org.apache.spark#spark-sql-kafka-0-10_2.12 added as a dependency
:: resolving dependencies :: org.apache.spark#spark-submit-parent-640c3be5-66aa-4dea-aad3-aa9186acc919;1.0
	confs: [default]
	found org.apache.spark#spark-sql-kafka-0-10_2.12;3.0.0 in central
	found org.apache.spark#spark-token-provider-kafka-0-10_2.12;3.0.0 in central
	found org.apache.kafka#kafka-clients;2.4.1 in central
	found com.github.luben#zstd-jni;1.4.4-3 in central
	found org.lz4#lz4-java;1.7.1 in central
	found org.xerial.snappy#snappy-java;1.1.7.5 in central
	found org.slf4j#slf4j-api;1.7.30 in central
	found org.spark-project.spark#unused;1.0.0 in central
	found org.apache.commons#commons-pool2;2.6.2 in central
:: resolution report :: resolve 927ms :: artifacts dl 96ms
	:: modules in use:
	com.github.luben#zstd-jni;1.4.4-3 from central in [default]
	org.apache.commons#commons-pool2;2.6.2 from central in [default]
	org.apache.kafka#kafka-clients;2.4.1 from central in [default]
	org.apache.spark#spark-sql-kafka-0-10_2.12;3.0.0 from central in [default]
	org.apache.spark#spark-token-provider-kafka-0-10_2.12;3.0.0 from central in [default]
	org.lz4#lz4-java;1.7.1 from central in [default]
	org.slf4j#slf4j-api;1.7.30 from central in [default]
	org.spark-project.spark#unused;1.0.0 from central in [default]
	org.xerial.snappy#snappy-java;1.1.7.5 from central in [default]
	---------------------------------------------------------------------
	|                  |            modules            ||   artifacts   |
	|       conf       | number| search|dwnlded|evicted|| number|dwnlded|
	---------------------------------------------------------------------
	|      default     |   9   |   0   |   0   |   0   ||   9   |   0   |
	---------------------------------------------------------------------
:: retrieving :: org.apache.spark#spark-submit-parent-640c3be5-66aa-4dea-aad3-aa9186acc919
	confs: [default]
	0 artifacts copied, 9 already retrieved (0kB/48ms)
22/04/10 14:23:31 WARN NativeCodeLoader: Unable to load native-hadoop library for your platform... using builtin-java classes where applicable
Using Spark's default log4j profile: org/apache/spark/log4j-defaults.properties
22/04/10 14:23:32 INFO SparkContext: Running Spark version 3.0.0
22/04/10 14:23:32 INFO ResourceUtils: ==============================================================
22/04/10 14:23:32 INFO ResourceUtils: Resources for spark.driver:

22/04/10 14:23:32 INFO ResourceUtils: ==============================================================
22/04/10 14:23:32 INFO SparkContext: Submitted application: stedi-events
22/04/10 14:23:32 INFO SecurityManager: Changing view acls to: spark
22/04/10 14:23:32 INFO SecurityManager: Changing modify acls to: spark
22/04/10 14:23:32 INFO SecurityManager: Changing view acls groups to: 
22/04/10 14:23:32 INFO SecurityManager: Changing modify acls groups to: 
22/04/10 14:23:32 INFO SecurityManager: SecurityManager: authentication disabled; ui acls disabled; users  with view permissions: Set(spark); groups with view permissions: Set(); users  with modify permissions: Set(spark); groups with modify permissions: Set()
22/04/10 14:23:33 INFO Utils: Successfully started service 'sparkDriver' on port 44049.
22/04/10 14:23:33 INFO SparkEnv: Registering MapOutputTracker
22/04/10 14:23:33 INFO SparkEnv: Registering BlockManagerMaster
22/04/10 14:23:33 INFO BlockManagerMasterEndpoint: Using org.apache.spark.storage.DefaultTopologyMapper for getting topology information
22/04/10 14:23:33 INFO BlockManagerMasterEndpoint: BlockManagerMasterEndpoint up
22/04/10 14:23:33 INFO SparkEnv: Registering BlockManagerMasterHeartbeat
22/04/10 14:23:33 INFO DiskBlockManager: Created local directory at /tmp/blockmgr-16a9a128-e9ca-42ed-909e-3df7d4410125
22/04/10 14:23:33 INFO MemoryStore: MemoryStore started with capacity 366.3 MiB
22/04/10 14:23:33 INFO SparkEnv: Registering OutputCommitCoordinator
22/04/10 14:23:34 WARN Utils: Service 'SparkUI' could not bind on port 4040. Attempting port 4041.
22/04/10 14:23:34 WARN Utils: Service 'SparkUI' could not bind on port 4041. Attempting port 4042.
22/04/10 14:23:34 INFO Utils: Successfully started service 'SparkUI' on port 4042.
22/04/10 14:23:34 INFO SparkUI: Bound SparkUI to 0.0.0.0, and started at http://cffe6c633ac4:4042
22/04/10 14:23:34 INFO SparkContext: Added JAR file:///opt/bitnami/spark/.ivy2/jars/org.apache.spark_spark-sql-kafka-0-10_2.12-3.0.0.jar at spark://cffe6c633ac4:44049/jars/org.apache.spark_spark-sql-kafka-0-10_2.12-3.0.0.jar with timestamp 1649600614734
22/04/10 14:23:34 INFO SparkContext: Added JAR file:///opt/bitnami/spark/.ivy2/jars/org.apache.spark_spark-token-provider-kafka-0-10_2.12-3.0.0.jar at spark://cffe6c633ac4:44049/jars/org.apache.spark_spark-token-provider-kafka-0-10_2.12-3.0.0.jar with timestamp 1649600614742
22/04/10 14:23:34 INFO SparkContext: Added JAR file:///opt/bitnami/spark/.ivy2/jars/org.apache.kafka_kafka-clients-2.4.1.jar at spark://cffe6c633ac4:44049/jars/org.apache.kafka_kafka-clients-2.4.1.jar with timestamp 1649600614742
22/04/10 14:23:34 INFO SparkContext: Added JAR file:///opt/bitnami/spark/.ivy2/jars/org.apache.commons_commons-pool2-2.6.2.jar at spark://cffe6c633ac4:44049/jars/org.apache.commons_commons-pool2-2.6.2.jar with timestamp 1649600614743
22/04/10 14:23:34 INFO SparkContext: Added JAR file:///opt/bitnami/spark/.ivy2/jars/org.spark-project.spark_unused-1.0.0.jar at spark://cffe6c633ac4:44049/jars/org.spark-project.spark_unused-1.0.0.jar with timestamp 1649600614744
22/04/10 14:23:34 INFO SparkContext: Added JAR file:///opt/bitnami/spark/.ivy2/jars/com.github.luben_zstd-jni-1.4.4-3.jar at spark://cffe6c633ac4:44049/jars/com.github.luben_zstd-jni-1.4.4-3.jar with timestamp 1649600614745
22/04/10 14:23:34 INFO SparkContext: Added JAR file:///opt/bitnami/spark/.ivy2/jars/org.lz4_lz4-java-1.7.1.jar at spark://cffe6c633ac4:44049/jars/org.lz4_lz4-java-1.7.1.jar with timestamp 1649600614747
22/04/10 14:23:34 INFO SparkContext: Added JAR file:///opt/bitnami/spark/.ivy2/jars/org.xerial.snappy_snappy-java-1.1.7.5.jar at spark://cffe6c633ac4:44049/jars/org.xerial.snappy_snappy-java-1.1.7.5.jar with timestamp 1649600614748
22/04/10 14:23:34 INFO SparkContext: Added JAR file:///opt/bitnami/spark/.ivy2/jars/org.slf4j_slf4j-api-1.7.30.jar at spark://cffe6c633ac4:44049/jars/org.slf4j_slf4j-api-1.7.30.jar with timestamp 1649600614748
22/04/10 14:23:34 INFO SparkContext: Added file file:///opt/bitnami/spark/.ivy2/jars/org.apache.spark_spark-sql-kafka-0-10_2.12-3.0.0.jar at file:///opt/bitnami/spark/.ivy2/jars/org.apache.spark_spark-sql-kafka-0-10_2.12-3.0.0.jar with timestamp 1649600614759
22/04/10 14:23:34 INFO Utils: Copying /opt/bitnami/spark/.ivy2/jars/org.apache.spark_spark-sql-kafka-0-10_2.12-3.0.0.jar to /tmp/spark-69b460dd-fafd-4ab6-b23a-2f3e2b55ab52/userFiles-be4568fc-8a5e-40b6-8d66-03b1db1f6691/org.apache.spark_spark-sql-kafka-0-10_2.12-3.0.0.jar
22/04/10 14:23:34 INFO SparkContext: Added file file:///opt/bitnami/spark/.ivy2/jars/org.apache.spark_spark-token-provider-kafka-0-10_2.12-3.0.0.jar at file:///opt/bitnami/spark/.ivy2/jars/org.apache.spark_spark-token-provider-kafka-0-10_2.12-3.0.0.jar with timestamp 1649600614813
22/04/10 14:23:34 INFO Utils: Copying /opt/bitnami/spark/.ivy2/jars/org.apache.spark_spark-token-provider-kafka-0-10_2.12-3.0.0.jar to /tmp/spark-69b460dd-fafd-4ab6-b23a-2f3e2b55ab52/userFiles-be4568fc-8a5e-40b6-8d66-03b1db1f6691/org.apache.spark_spark-token-provider-kafka-0-10_2.12-3.0.0.jar
22/04/10 14:23:34 INFO SparkContext: Added file file:///opt/bitnami/spark/.ivy2/jars/org.apache.kafka_kafka-clients-2.4.1.jar at file:///opt/bitnami/spark/.ivy2/jars/org.apache.kafka_kafka-clients-2.4.1.jar with timestamp 1649600614848
22/04/10 14:23:34 INFO Utils: Copying /opt/bitnami/spark/.ivy2/jars/org.apache.kafka_kafka-clients-2.4.1.jar to /tmp/spark-69b460dd-fafd-4ab6-b23a-2f3e2b55ab52/userFiles-be4568fc-8a5e-40b6-8d66-03b1db1f6691/org.apache.kafka_kafka-clients-2.4.1.jar
22/04/10 14:23:34 INFO SparkContext: Added file file:///opt/bitnami/spark/.ivy2/jars/org.apache.commons_commons-pool2-2.6.2.jar at file:///opt/bitnami/spark/.ivy2/jars/org.apache.commons_commons-pool2-2.6.2.jar with timestamp 1649600614892
22/04/10 14:23:34 INFO Utils: Copying /opt/bitnami/spark/.ivy2/jars/org.apache.commons_commons-pool2-2.6.2.jar to /tmp/spark-69b460dd-fafd-4ab6-b23a-2f3e2b55ab52/userFiles-be4568fc-8a5e-40b6-8d66-03b1db1f6691/org.apache.commons_commons-pool2-2.6.2.jar
22/04/10 14:23:34 INFO SparkContext: Added file file:///opt/bitnami/spark/.ivy2/jars/org.spark-project.spark_unused-1.0.0.jar at file:///opt/bitnami/spark/.ivy2/jars/org.spark-project.spark_unused-1.0.0.jar with timestamp 1649600614908
22/04/10 14:23:34 INFO Utils: Copying /opt/bitnami/spark/.ivy2/jars/org.spark-project.spark_unused-1.0.0.jar to /tmp/spark-69b460dd-fafd-4ab6-b23a-2f3e2b55ab52/userFiles-be4568fc-8a5e-40b6-8d66-03b1db1f6691/org.spark-project.spark_unused-1.0.0.jar
22/04/10 14:23:34 INFO SparkContext: Added file file:///opt/bitnami/spark/.ivy2/jars/com.github.luben_zstd-jni-1.4.4-3.jar at file:///opt/bitnami/spark/.ivy2/jars/com.github.luben_zstd-jni-1.4.4-3.jar with timestamp 1649600614925
22/04/10 14:23:34 INFO Utils: Copying /opt/bitnami/spark/.ivy2/jars/com.github.luben_zstd-jni-1.4.4-3.jar to /tmp/spark-69b460dd-fafd-4ab6-b23a-2f3e2b55ab52/userFiles-be4568fc-8a5e-40b6-8d66-03b1db1f6691/com.github.luben_zstd-jni-1.4.4-3.jar
22/04/10 14:23:34 INFO SparkContext: Added file file:///opt/bitnami/spark/.ivy2/jars/org.lz4_lz4-java-1.7.1.jar at file:///opt/bitnami/spark/.ivy2/jars/org.lz4_lz4-java-1.7.1.jar with timestamp 1649600614947
22/04/10 14:23:34 INFO Utils: Copying /opt/bitnami/spark/.ivy2/jars/org.lz4_lz4-java-1.7.1.jar to /tmp/spark-69b460dd-fafd-4ab6-b23a-2f3e2b55ab52/userFiles-be4568fc-8a5e-40b6-8d66-03b1db1f6691/org.lz4_lz4-java-1.7.1.jar
22/04/10 14:23:34 INFO SparkContext: Added file file:///opt/bitnami/spark/.ivy2/jars/org.xerial.snappy_snappy-java-1.1.7.5.jar at file:///opt/bitnami/spark/.ivy2/jars/org.xerial.snappy_snappy-java-1.1.7.5.jar with timestamp 1649600614977
22/04/10 14:23:34 INFO Utils: Copying /opt/bitnami/spark/.ivy2/jars/org.xerial.snappy_snappy-java-1.1.7.5.jar to /tmp/spark-69b460dd-fafd-4ab6-b23a-2f3e2b55ab52/userFiles-be4568fc-8a5e-40b6-8d66-03b1db1f6691/org.xerial.snappy_snappy-java-1.1.7.5.jar
22/04/10 14:23:35 INFO SparkContext: Added file file:///opt/bitnami/spark/.ivy2/jars/org.slf4j_slf4j-api-1.7.30.jar at file:///opt/bitnami/spark/.ivy2/jars/org.slf4j_slf4j-api-1.7.30.jar with timestamp 1649600615002
22/04/10 14:23:35 INFO Utils: Copying /opt/bitnami/spark/.ivy2/jars/org.slf4j_slf4j-api-1.7.30.jar to /tmp/spark-69b460dd-fafd-4ab6-b23a-2f3e2b55ab52/userFiles-be4568fc-8a5e-40b6-8d66-03b1db1f6691/org.slf4j_slf4j-api-1.7.30.jar
22/04/10 14:23:35 INFO Executor: Starting executor ID driver on host cffe6c633ac4
22/04/10 14:23:35 INFO Utils: Successfully started service 'org.apache.spark.network.netty.NettyBlockTransferService' on port 43331.
22/04/10 14:23:35 INFO NettyBlockTransferService: Server created on cffe6c633ac4:43331
22/04/10 14:23:35 INFO BlockManager: Using org.apache.spark.storage.RandomBlockReplicationPolicy for block replication policy
22/04/10 14:23:35 INFO BlockManagerMaster: Registering BlockManager BlockManagerId(driver, cffe6c633ac4, 43331, None)
22/04/10 14:23:35 INFO BlockManagerMasterEndpoint: Registering block manager cffe6c633ac4:43331 with 366.3 MiB RAM, BlockManagerId(driver, cffe6c633ac4, 43331, None)
22/04/10 14:23:35 INFO BlockManagerMaster: Registered BlockManager BlockManagerId(driver, cffe6c633ac4, 43331, None)
22/04/10 14:23:35 INFO BlockManager: Initialized BlockManager: BlockManagerId(driver, cffe6c633ac4, 43331, None)
22/04/10 14:23:36 INFO SharedState: Setting hive.metastore.warehouse.dir ('null') to the value of spark.sql.warehouse.dir ('file:/opt/bitnami/spark/spark-warehouse').
22/04/10 14:23:36 INFO SharedState: Warehouse path is 'file:/opt/bitnami/spark/spark-warehouse'.
22/04/10 14:23:41 WARN StreamingQueryManager: Temporary checkpoint location created which is deleted normally when the query didn't fail: /tmp/temporary-5f24264d-cea6-4bb7-a586-413387d7a7a3. If it's required to delete it under any circumstances, please set spark.sql.streaming.forceDeleteTempCheckpointLocation to true. Important to know deleting temp checkpoint folder is best effort.
-------------------------------------------
Batch: 0
-------------------------------------------
+--------------------+-----+
|            customer|score|
+--------------------+-----+
|Ashley.Anderson@t...| 33.5|
|David.Phillips@te...|-18.5|
|Sarah.Clark@test.com|-23.5|
|Eric.Lincoln@test...| -2.0|
|Eric.Aristotle@te...|  9.5|
| Frank.Huey@test.com| -2.0|
| Craig.Huey@test.com| -5.5|
| Sean.Mitra@test.com| -5.0|
|Senthil.Anderson@...| -5.0|
| Eric.Smith@test.com| -4.5|
| Sean.Smith@test.com| -3.0|
|Sarah.Gonzalez@te...| -3.5|
|Neeraj.Sanchez@te...| -2.0|
|Ben.Clayton@test.com| -2.5|
|Chris.Anderson@te...| -6.0|
|Jerry.Davis@test.com| -5.0|
|Senthil.Anandh@te...| 40.5|
|Jerry.Ahmed@test.com| 26.5|
|  Dan.Clark@test.com| -2.0|
|Senthil.Phillips@...| -3.0|
+--------------------+-----+
only showing top 20 rows

-------------------------------------------
Batch: 1
-------------------------------------------
+--------------------+-----+
|            customer|score|
+--------------------+-----+
|  Dan.Clark@test.com| 12.0|
|Senthil.Phillips@...|-15.0|
+--------------------+-----+

-------------------------------------------
Batch: 2
-------------------------------------------
+--------------------+-----+
|            customer|score|
+--------------------+-----+
|Dan.Anderson@test...|-21.0|
+--------------------+-----+

-------------------------------------------
Batch: 3
-------------------------------------------
+--------------------+-----+
|            customer|score|
+--------------------+-----+
|Ben.Anderson@test...|-19.0|
+--------------------+-----+

-------------------------------------------
Batch: 4
-------------------------------------------
+--------------------+-----+
|            customer|score|
+--------------------+-----+
|Senthil.Smith@tes...| -8.5|
+--------------------+-----+

-------------------------------------------
Batch: 5
-------------------------------------------
+-------------------+-----+
|           customer|score|
+-------------------+-----+
|Sean.Olson@test.com|-11.0|
+-------------------+-----+

-------------------------------------------
Batch: 6
-------------------------------------------
+--------------------+-----+
|            customer|score|
+--------------------+-----+
|Gail.Howard@test.com|  9.0|
+--------------------+-----+

-------------------------------------------
Batch: 7
-------------------------------------------
+--------------------+-----+
|            customer|score|
+--------------------+-----+
|Ashley.Staples@te...|-13.5|
+--------------------+-----+

-------------------------------------------
Batch: 8
-------------------------------------------
+--------------------+-----+
|            customer|score|
+--------------------+-----+
|Gail.Anderson@tes...| 16.0|
+--------------------+-----+

-------------------------------------------
Batch: 9
-------------------------------------------
+-------------------+-----+
|           customer|score|
+-------------------+-----+
|Jason.Huey@test.com|-17.0|
+-------------------+-----+

-------------------------------------------
Batch: 10
-------------------------------------------
+--------------------+-----+
|            customer|score|
+--------------------+-----+
|Ashley.Anderson@t...| -2.5|
+--------------------+-----+

-------------------------------------------
Batch: 11
-------------------------------------------
+--------------------+-----+
|            customer|score|
+--------------------+-----+
|David.Phillips@te...|  6.0|
+--------------------+-----+

-------------------------------------------
Batch: 12
-------------------------------------------
+--------------------+-----+
|            customer|score|
+--------------------+-----+
|Sarah.Clark@test.com| 13.0|
+--------------------+-----+

-------------------------------------------
Batch: 13
-------------------------------------------
+--------------------+-----+
|            customer|score|
+--------------------+-----+
|Eric.Lincoln@test...|-12.0|
+--------------------+-----+

-------------------------------------------
Batch: 14
-------------------------------------------
+--------------------+-----+
|            customer|score|
+--------------------+-----+
|Eric.Aristotle@te...|-34.0|
+--------------------+-----+

-------------------------------------------
Batch: 15
-------------------------------------------
+-------------------+-----+
|           customer|score|
+-------------------+-----+
|Frank.Huey@test.com| -4.0|
+-------------------+-----+

-------------------------------------------
Batch: 16
-------------------------------------------
+-------------------+-----+
|           customer|score|
+-------------------+-----+
|Craig.Huey@test.com| -3.0|
+-------------------+-----+

-------------------------------------------
Batch: 17
-------------------------------------------
+-------------------+-----+
|           customer|score|
+-------------------+-----+
|Sean.Mitra@test.com| -3.0|
+-------------------+-----+

-------------------------------------------
Batch: 18
-------------------------------------------
+--------------------+-----+
|            customer|score|
+--------------------+-----+
|Senthil.Anderson@...| -3.5|
+--------------------+-----+

-------------------------------------------
Batch: 19
-------------------------------------------
+-------------------+-----+
|           customer|score|
+-------------------+-----+
|Eric.Smith@test.com| -6.0|
+-------------------+-----+

-------------------------------------------
Batch: 20
-------------------------------------------
+-------------------+-----+
|           customer|score|
+-------------------+-----+
|Sean.Smith@test.com| -3.0|
+-------------------+-----+

-------------------------------------------
Batch: 21
-------------------------------------------
+--------------------+-----+
|            customer|score|
+--------------------+-----+
|Sarah.Gonzalez@te...| -3.5|
+--------------------+-----+

-------------------------------------------
Batch: 22
-------------------------------------------
+--------------------+-----+
|            customer|score|
+--------------------+-----+
|Neeraj.Sanchez@te...| -2.5|
+--------------------+-----+

-------------------------------------------
Batch: 23
-------------------------------------------
+--------------------+-----+
|            customer|score|
+--------------------+-----+
|Ben.Clayton@test.com| -2.5|
+--------------------+-----+

-------------------------------------------
Batch: 24
-------------------------------------------
+--------------------+-----+
|            customer|score|
+--------------------+-----+
|Chris.Anderson@te...| -3.0|
+--------------------+-----+

-------------------------------------------
Batch: 25
-------------------------------------------
+--------------------+-----+
|            customer|score|
+--------------------+-----+
|Jerry.Davis@test.com| -3.0|
+--------------------+-----+

-------------------------------------------
Batch: 26
-------------------------------------------
+--------------------+-----+
|            customer|score|
+--------------------+-----+
|Senthil.Anandh@te...|-17.5|
+--------------------+-----+

-------------------------------------------
Batch: 27
-------------------------------------------
+--------------------+-----+
|            customer|score|
+--------------------+-----+
|Jerry.Ahmed@test.com|-33.0|
+--------------------+-----+

-------------------------------------------
Batch: 28
-------------------------------------------
+------------------+-----+
|          customer|score|
+------------------+-----+
|Dan.Clark@test.com|-18.0|
+------------------+-----+

-------------------------------------------
Batch: 29
-------------------------------------------
+--------------------+-----+
|            customer|score|
+--------------------+-----+
|Senthil.Phillips@...| -4.5|
+--------------------+-----+

-------------------------------------------
Batch: 30
-------------------------------------------
+--------------------+-----+
|            customer|score|
+--------------------+-----+
|Dan.Anderson@test...|  6.0|
+--------------------+-----+

-------------------------------------------
Batch: 31
-------------------------------------------
+--------------------+-----+
|            customer|score|
+--------------------+-----+
|Ben.Anderson@test...| -5.5|
+--------------------+-----+

-------------------------------------------
Batch: 32
-------------------------------------------
+--------------------+-----+
|            customer|score|
+--------------------+-----+
|Senthil.Smith@tes...|  1.0|
+--------------------+-----+

-------------------------------------------
Batch: 33
-------------------------------------------
+-------------------+-----+
|           customer|score|
+-------------------+-----+
|Sean.Olson@test.com| 16.0|
+-------------------+-----+

-------------------------------------------
Batch: 34
-------------------------------------------
+--------------------+-----+
|            customer|score|
+--------------------+-----+
|Gail.Howard@test.com| 15.5|
+--------------------+-----+

-------------------------------------------
Batch: 35
-------------------------------------------
+--------------------+-----+
|            customer|score|
+--------------------+-----+
|Ashley.Staples@te...|-22.0|
+--------------------+-----+

-------------------------------------------
Batch: 36
-------------------------------------------
+--------------------+-----+
|            customer|score|
+--------------------+-----+
|Gail.Anderson@tes...|  3.0|
+--------------------+-----+

-------------------------------------------
Batch: 37
-------------------------------------------
+-------------------+-----+
|           customer|score|
+-------------------+-----+
|Jason.Huey@test.com| 12.0|
+-------------------+-----+

-------------------------------------------
Batch: 38
-------------------------------------------
+--------------------+-----+
|            customer|score|
+--------------------+-----+
|Ashley.Anderson@t...| 15.0|
+--------------------+-----+

-------------------------------------------
Batch: 39
-------------------------------------------
+--------------------+-----+
|            customer|score|
+--------------------+-----+
|David.Phillips@te...| 13.5|
+--------------------+-----+

-------------------------------------------
Batch: 40
-------------------------------------------
+--------------------+-----+
|            customer|score|
+--------------------+-----+
|Sarah.Clark@test.com|-30.5|
+--------------------+-----+

-------------------------------------------
Batch: 41
-------------------------------------------
+--------------------+-----+
|            customer|score|
+--------------------+-----+
|Eric.Lincoln@test...|  0.5|
+--------------------+-----+

-------------------------------------------
Batch: 42
-------------------------------------------
+--------------------+-----+
|            customer|score|
+--------------------+-----+
|Eric.Aristotle@te...|  1.0|
+--------------------+-----+

-------------------------------------------
Batch: 43
-------------------------------------------
+-------------------+-----+
|           customer|score|
+-------------------+-----+
|Frank.Huey@test.com| -5.0|
+-------------------+-----+

-------------------------------------------
Batch: 44
-------------------------------------------
+-------------------+-----+
|           customer|score|
+-------------------+-----+
|Craig.Huey@test.com| -4.0|
+-------------------+-----+

-------------------------------------------
Batch: 45
-------------------------------------------
+-------------------+-----+
|           customer|score|
+-------------------+-----+
|Sean.Mitra@test.com| -3.5|
+-------------------+-----+

-------------------------------------------
Batch: 46
-------------------------------------------
+--------------------+-----+
|            customer|score|
+--------------------+-----+
|Senthil.Anderson@...| -2.0|
+--------------------+-----+

-------------------------------------------
Batch: 47
-------------------------------------------
+-------------------+-----+
|           customer|score|
+-------------------+-----+
|Eric.Smith@test.com| -5.0|
+-------------------+-----+

-------------------------------------------
Batch: 48
-------------------------------------------
+-------------------+-----+
|           customer|score|
+-------------------+-----+
|Sean.Smith@test.com| -2.5|
+-------------------+-----+

-------------------------------------------
Batch: 49
-------------------------------------------
+--------------------+-----+
|            customer|score|
+--------------------+-----+
|Sarah.Gonzalez@te...| -2.5|
+--------------------+-----+

-------------------------------------------
Batch: 50
-------------------------------------------
+--------------------+-----+
|            customer|score|
+--------------------+-----+
|Neeraj.Sanchez@te...| -4.0|
+--------------------+-----+

-------------------------------------------
Batch: 51
-------------------------------------------
+--------------------+-----+
|            customer|score|
+--------------------+-----+
|Ben.Clayton@test.com| -2.5|
+--------------------+-----+

-------------------------------------------
Batch: 52
-------------------------------------------
+--------------------+-----+
|            customer|score|
+--------------------+-----+
|Chris.Anderson@te...| -1.5|
+--------------------+-----+

-------------------------------------------
Batch: 53
-------------------------------------------
+--------------------+-----+
|            customer|score|
+--------------------+-----+
|Jerry.Davis@test.com| -1.5|
+--------------------+-----+

-------------------------------------------
Batch: 54
-------------------------------------------
+--------------------+-----+
|            customer|score|
+--------------------+-----+
|Senthil.Anandh@te...|  0.0|
+--------------------+-----+

-------------------------------------------
Batch: 55
-------------------------------------------
+--------------------+-----+
|            customer|score|
+--------------------+-----+
|Jerry.Ahmed@test.com| -7.5|
+--------------------+-----+

-------------------------------------------
Batch: 56
-------------------------------------------
+------------------+-----+
|          customer|score|
+------------------+-----+
|Dan.Clark@test.com|-35.5|
+------------------+-----+

-------------------------------------------
Batch: 57
-------------------------------------------
+--------------------+-----+
|            customer|score|
+--------------------+-----+
|Senthil.Phillips@...| 19.0|
+--------------------+-----+

-------------------------------------------
Batch: 58
-------------------------------------------
+--------------------+-----+
|            customer|score|
+--------------------+-----+
|Dan.Anderson@test...| 22.0|
+--------------------+-----+

-------------------------------------------
Batch: 59
-------------------------------------------
+--------------------+-----+
|            customer|score|
+--------------------+-----+
|Ben.Anderson@test...| 32.0|
+--------------------+-----+

-------------------------------------------
Batch: 60
-------------------------------------------
+--------------------+-----+
|            customer|score|
+--------------------+-----+
|Senthil.Smith@tes...| 29.5|
+--------------------+-----+

-------------------------------------------
Batch: 61
-------------------------------------------
+-------------------+-----+
|           customer|score|
+-------------------+-----+
|Sean.Olson@test.com|-18.0|
+-------------------+-----+

-------------------------------------------
Batch: 62
-------------------------------------------
+--------------------+-----+
|            customer|score|
+--------------------+-----+
|Gail.Howard@test.com|-17.5|
+--------------------+-----+

-------------------------------------------
Batch: 63
-------------------------------------------
+--------------------+-----+
|            customer|score|
+--------------------+-----+
|Ashley.Staples@te...|-28.0|
+--------------------+-----+

-------------------------------------------
Batch: 64
-------------------------------------------
+--------------------+-----+
|            customer|score|
+--------------------+-----+
|Gail.Anderson@tes...| -6.5|
+--------------------+-----+

-------------------------------------------
Batch: 65
-------------------------------------------
+-------------------+-----+
|           customer|score|
+-------------------+-----+
|Jason.Huey@test.com|-11.5|
+-------------------+-----+

-------------------------------------------
Batch: 66
-------------------------------------------
+--------------------+-----+
|            customer|score|
+--------------------+-----+
|Ashley.Anderson@t...| 23.0|
+--------------------+-----+

-------------------------------------------
Batch: 67
-------------------------------------------
+--------------------+-----+
|            customer|score|
+--------------------+-----+
|David.Phillips@te...|-19.5|
+--------------------+-----+

-------------------------------------------
Batch: 68
-------------------------------------------
+--------------------+-----+
|            customer|score|
+--------------------+-----+
|Sarah.Clark@test.com|-17.5|
+--------------------+-----+

-------------------------------------------
Batch: 69
-------------------------------------------
+--------------------+-----+
|            customer|score|
+--------------------+-----+
|Eric.Lincoln@test...|-29.0|
+--------------------+-----+

-------------------------------------------
Batch: 70
-------------------------------------------
+--------------------+-----+
|            customer|score|
+--------------------+-----+
|Eric.Aristotle@te...| 31.0|
+--------------------+-----+

-------------------------------------------
Batch: 71
-------------------------------------------
+-------------------+-----+
|           customer|score|
+-------------------+-----+
|Frank.Huey@test.com| -4.5|
+-------------------+-----+

-------------------------------------------
Batch: 72
-------------------------------------------
+-------------------+-----+
|           customer|score|
+-------------------+-----+
|Craig.Huey@test.com| -4.0|
+-------------------+-----+

-------------------------------------------
Batch: 73
-------------------------------------------
+-------------------+-----+
|           customer|score|
+-------------------+-----+
|Sean.Mitra@test.com| -3.0|
+-------------------+-----+

-------------------------------------------
Batch: 74
-------------------------------------------
+--------------------+-----+
|            customer|score|
+--------------------+-----+
|Senthil.Anderson@...| -2.5|
+--------------------+-----+

-------------------------------------------
Batch: 75
-------------------------------------------
+-------------------+-----+
|           customer|score|
+-------------------+-----+
|Eric.Smith@test.com| -3.0|
+-------------------+-----+

-------------------------------------------
Batch: 76
-------------------------------------------
+-------------------+-----+
|           customer|score|
+-------------------+-----+
|Sean.Smith@test.com| -2.5|
+-------------------+-----+

-------------------------------------------
Batch: 77
-------------------------------------------
+--------------------+-----+
|            customer|score|
+--------------------+-----+
|Sarah.Gonzalez@te...| -1.5|
+--------------------+-----+

-------------------------------------------
Batch: 78
-------------------------------------------
+--------------------+-----+
|            customer|score|
+--------------------+-----+
|Neeraj.Sanchez@te...| -3.0|
+--------------------+-----+

-------------------------------------------
Batch: 79
-------------------------------------------
+--------------------+-----+
|            customer|score|
+--------------------+-----+
|Ben.Clayton@test.com| -2.5|
+--------------------+-----+

-------------------------------------------
Batch: 80
-------------------------------------------
+--------------------+-----+
|            customer|score|
+--------------------+-----+
|Chris.Anderson@te...| -2.5|
+--------------------+-----+

-------------------------------------------
Batch: 81
-------------------------------------------
+--------------------+-----+
|            customer|score|
+--------------------+-----+
|Jerry.Davis@test.com| -1.5|
+--------------------+-----+

-------------------------------------------
Batch: 82
-------------------------------------------
+--------------------+-----+
|            customer|score|
+--------------------+-----+
|Senthil.Anandh@te...|-21.5|
+--------------------+-----+

-------------------------------------------
Batch: 83
-------------------------------------------
+--------------------+-----+
|            customer|score|
+--------------------+-----+
|Jerry.Ahmed@test.com| -5.5|
+--------------------+-----+

-------------------------------------------
Batch: 84
-------------------------------------------
+------------------+-----+
|          customer|score|
+------------------+-----+
|Dan.Clark@test.com|-13.5|
+------------------+-----+

-------------------------------------------
Batch: 85
-------------------------------------------
+--------------------+-----+
|            customer|score|
+--------------------+-----+
|Senthil.Phillips@...|-11.5|
+--------------------+-----+

-------------------------------------------
Batch: 86
-------------------------------------------
+--------------------+-----+
|            customer|score|
+--------------------+-----+
|Dan.Anderson@test...|  3.0|
+--------------------+-----+

-------------------------------------------
Batch: 87
-------------------------------------------
+--------------------+-----+
|            customer|score|
+--------------------+-----+
|Ben.Anderson@test...| 17.0|
+--------------------+-----+

-------------------------------------------
Batch: 88
-------------------------------------------
+--------------------+-----+
|            customer|score|
+--------------------+-----+
|Senthil.Smith@tes...| 19.0|
+--------------------+-----+

-------------------------------------------
Batch: 89
-------------------------------------------
+-------------------+-----+
|           customer|score|
+-------------------+-----+
|Sean.Olson@test.com|-49.0|
+-------------------+-----+

^CTraceback (most recent call last):
  File "/home/workspace/sparkpyeventskafkastreamtoconsole.py", line 70, in <module>
    .format("console") \
  File "/opt/bitnami/spark/python/lib/pyspark.zip/pyspark/sql/streaming.py", line 103, in awaitTermination
  File "/opt/bitnami/spark/python/lib/py4j-0.10.9-src.zip/py4j/java_gateway.py", line 1303, in __call__
  File "/opt/bitnami/spark/python/lib/py4j-0.10.9-src.zip/py4j/java_gateway.py", line 1033, in send_command
  File "/opt/bitnami/spark/python/lib/py4j-0.10.9-src.zip/py4j/java_gateway.py", line 1200, in send_command
  File "/opt/bitnami/python/lib/python3.6/socket.py", line 586, in readinto
    return self._sock.recv_into(b)
  File "/opt/bitnami/spark/python/lib/pyspark.zip/pyspark/context.py", line 274, in signal_handler
KeyboardInterrupt
