Ivy Default Cache set to: /opt/bitnami/spark/.ivy2/cache
The jars for the packages stored in: /opt/bitnami/spark/.ivy2/jars
:: loading settings :: url = jar:file:/opt/bitnami/spark/jars/ivy-2.4.0.jar!/org/apache/ivy/core/settings/ivysettings.xml
org.apache.spark#spark-sql-kafka-0-10_2.12 added as a dependency
:: resolving dependencies :: org.apache.spark#spark-submit-parent-a1aa3e45-22d6-410d-b59d-4de8c2f375b6;1.0
	confs: [default]
	found org.apache.spark#spark-sql-kafka-0-10_2.12;3.0.0 in central
	found org.apache.spark#spark-token-provider-kafka-0-10_2.12;3.0.0 in central
	found org.apache.kafka#kafka-clients;2.4.1 in central
	found com.github.luben#zstd-jni;1.4.4-3 in central
	found org.lz4#lz4-java;1.7.1 in central
	found org.xerial.snappy#snappy-java;1.1.7.5 in central
	found org.slf4j#slf4j-api;1.7.30 in central
	found org.spark-project.spark#unused;1.0.0 in central
	found org.apache.commons#commons-pool2;2.6.2 in central
:: resolution report :: resolve 1047ms :: artifacts dl 101ms
	:: modules in use:
	com.github.luben#zstd-jni;1.4.4-3 from central in [default]
	org.apache.commons#commons-pool2;2.6.2 from central in [default]
	org.apache.kafka#kafka-clients;2.4.1 from central in [default]
	org.apache.spark#spark-sql-kafka-0-10_2.12;3.0.0 from central in [default]
	org.apache.spark#spark-token-provider-kafka-0-10_2.12;3.0.0 from central in [default]
	org.lz4#lz4-java;1.7.1 from central in [default]
	org.slf4j#slf4j-api;1.7.30 from central in [default]
	org.spark-project.spark#unused;1.0.0 from central in [default]
	org.xerial.snappy#snappy-java;1.1.7.5 from central in [default]
	---------------------------------------------------------------------
	|                  |            modules            ||   artifacts   |
	|       conf       | number| search|dwnlded|evicted|| number|dwnlded|
	---------------------------------------------------------------------
	|      default     |   9   |   0   |   0   |   0   ||   9   |   0   |
	---------------------------------------------------------------------
:: retrieving :: org.apache.spark#spark-submit-parent-a1aa3e45-22d6-410d-b59d-4de8c2f375b6
	confs: [default]
	0 artifacts copied, 9 already retrieved (0kB/27ms)
22/04/10 14:22:28 WARN NativeCodeLoader: Unable to load native-hadoop library for your platform... using builtin-java classes where applicable
Using Spark's default log4j profile: org/apache/spark/log4j-defaults.properties
22/04/10 14:22:30 INFO SparkContext: Running Spark version 3.0.0
22/04/10 14:22:30 INFO ResourceUtils: ==============================================================
22/04/10 14:22:30 INFO ResourceUtils: Resources for spark.driver:

22/04/10 14:22:30 INFO ResourceUtils: ==============================================================
22/04/10 14:22:30 INFO SparkContext: Submitted application: sparkpyrediskafkastreamtoconsole
22/04/10 14:22:30 INFO SecurityManager: Changing view acls to: spark
22/04/10 14:22:30 INFO SecurityManager: Changing modify acls to: spark
22/04/10 14:22:30 INFO SecurityManager: Changing view acls groups to: 
22/04/10 14:22:30 INFO SecurityManager: Changing modify acls groups to: 
22/04/10 14:22:30 INFO SecurityManager: SecurityManager: authentication disabled; ui acls disabled; users  with view permissions: Set(spark); groups with view permissions: Set(); users  with modify permissions: Set(spark); groups with modify permissions: Set()
22/04/10 14:22:30 INFO Utils: Successfully started service 'sparkDriver' on port 38501.
22/04/10 14:22:30 INFO SparkEnv: Registering MapOutputTracker
22/04/10 14:22:31 INFO SparkEnv: Registering BlockManagerMaster
22/04/10 14:22:31 INFO BlockManagerMasterEndpoint: Using org.apache.spark.storage.DefaultTopologyMapper for getting topology information
22/04/10 14:22:31 INFO BlockManagerMasterEndpoint: BlockManagerMasterEndpoint up
22/04/10 14:22:31 INFO SparkEnv: Registering BlockManagerMasterHeartbeat
22/04/10 14:22:31 INFO DiskBlockManager: Created local directory at /tmp/blockmgr-8377ef61-a9cf-46e6-91d0-5eede944bc92
22/04/10 14:22:31 INFO MemoryStore: MemoryStore started with capacity 366.3 MiB
22/04/10 14:22:31 INFO SparkEnv: Registering OutputCommitCoordinator
22/04/10 14:22:31 WARN Utils: Service 'SparkUI' could not bind on port 4040. Attempting port 4041.
22/04/10 14:22:31 INFO Utils: Successfully started service 'SparkUI' on port 4041.
22/04/10 14:22:31 INFO SparkUI: Bound SparkUI to 0.0.0.0, and started at http://cffe6c633ac4:4041
22/04/10 14:22:32 INFO SparkContext: Added JAR file:///opt/bitnami/spark/.ivy2/jars/org.apache.spark_spark-sql-kafka-0-10_2.12-3.0.0.jar at spark://cffe6c633ac4:38501/jars/org.apache.spark_spark-sql-kafka-0-10_2.12-3.0.0.jar with timestamp 1649600552037
22/04/10 14:22:32 INFO SparkContext: Added JAR file:///opt/bitnami/spark/.ivy2/jars/org.apache.spark_spark-token-provider-kafka-0-10_2.12-3.0.0.jar at spark://cffe6c633ac4:38501/jars/org.apache.spark_spark-token-provider-kafka-0-10_2.12-3.0.0.jar with timestamp 1649600552039
22/04/10 14:22:32 INFO SparkContext: Added JAR file:///opt/bitnami/spark/.ivy2/jars/org.apache.kafka_kafka-clients-2.4.1.jar at spark://cffe6c633ac4:38501/jars/org.apache.kafka_kafka-clients-2.4.1.jar with timestamp 1649600552039
22/04/10 14:22:32 INFO SparkContext: Added JAR file:///opt/bitnami/spark/.ivy2/jars/org.apache.commons_commons-pool2-2.6.2.jar at spark://cffe6c633ac4:38501/jars/org.apache.commons_commons-pool2-2.6.2.jar with timestamp 1649600552039
22/04/10 14:22:32 INFO SparkContext: Added JAR file:///opt/bitnami/spark/.ivy2/jars/org.spark-project.spark_unused-1.0.0.jar at spark://cffe6c633ac4:38501/jars/org.spark-project.spark_unused-1.0.0.jar with timestamp 1649600552039
22/04/10 14:22:32 INFO SparkContext: Added JAR file:///opt/bitnami/spark/.ivy2/jars/com.github.luben_zstd-jni-1.4.4-3.jar at spark://cffe6c633ac4:38501/jars/com.github.luben_zstd-jni-1.4.4-3.jar with timestamp 1649600552040
22/04/10 14:22:32 INFO SparkContext: Added JAR file:///opt/bitnami/spark/.ivy2/jars/org.lz4_lz4-java-1.7.1.jar at spark://cffe6c633ac4:38501/jars/org.lz4_lz4-java-1.7.1.jar with timestamp 1649600552040
22/04/10 14:22:32 INFO SparkContext: Added JAR file:///opt/bitnami/spark/.ivy2/jars/org.xerial.snappy_snappy-java-1.1.7.5.jar at spark://cffe6c633ac4:38501/jars/org.xerial.snappy_snappy-java-1.1.7.5.jar with timestamp 1649600552041
22/04/10 14:22:32 INFO SparkContext: Added JAR file:///opt/bitnami/spark/.ivy2/jars/org.slf4j_slf4j-api-1.7.30.jar at spark://cffe6c633ac4:38501/jars/org.slf4j_slf4j-api-1.7.30.jar with timestamp 1649600552042
22/04/10 14:22:32 INFO SparkContext: Added file file:///opt/bitnami/spark/.ivy2/jars/org.apache.spark_spark-sql-kafka-0-10_2.12-3.0.0.jar at file:///opt/bitnami/spark/.ivy2/jars/org.apache.spark_spark-sql-kafka-0-10_2.12-3.0.0.jar with timestamp 1649600552043
22/04/10 14:22:32 INFO Utils: Copying /opt/bitnami/spark/.ivy2/jars/org.apache.spark_spark-sql-kafka-0-10_2.12-3.0.0.jar to /tmp/spark-c88a078c-af9e-4e25-90ae-73a9454c9405/userFiles-40cc193b-85ce-4c90-87f9-9018cb4144e3/org.apache.spark_spark-sql-kafka-0-10_2.12-3.0.0.jar
22/04/10 14:22:32 INFO SparkContext: Added file file:///opt/bitnami/spark/.ivy2/jars/org.apache.spark_spark-token-provider-kafka-0-10_2.12-3.0.0.jar at file:///opt/bitnami/spark/.ivy2/jars/org.apache.spark_spark-token-provider-kafka-0-10_2.12-3.0.0.jar with timestamp 1649600552079
22/04/10 14:22:32 INFO Utils: Copying /opt/bitnami/spark/.ivy2/jars/org.apache.spark_spark-token-provider-kafka-0-10_2.12-3.0.0.jar to /tmp/spark-c88a078c-af9e-4e25-90ae-73a9454c9405/userFiles-40cc193b-85ce-4c90-87f9-9018cb4144e3/org.apache.spark_spark-token-provider-kafka-0-10_2.12-3.0.0.jar
22/04/10 14:22:32 INFO SparkContext: Added file file:///opt/bitnami/spark/.ivy2/jars/org.apache.kafka_kafka-clients-2.4.1.jar at file:///opt/bitnami/spark/.ivy2/jars/org.apache.kafka_kafka-clients-2.4.1.jar with timestamp 1649600552096
22/04/10 14:22:32 INFO Utils: Copying /opt/bitnami/spark/.ivy2/jars/org.apache.kafka_kafka-clients-2.4.1.jar to /tmp/spark-c88a078c-af9e-4e25-90ae-73a9454c9405/userFiles-40cc193b-85ce-4c90-87f9-9018cb4144e3/org.apache.kafka_kafka-clients-2.4.1.jar
22/04/10 14:22:32 INFO SparkContext: Added file file:///opt/bitnami/spark/.ivy2/jars/org.apache.commons_commons-pool2-2.6.2.jar at file:///opt/bitnami/spark/.ivy2/jars/org.apache.commons_commons-pool2-2.6.2.jar with timestamp 1649600552129
22/04/10 14:22:32 INFO Utils: Copying /opt/bitnami/spark/.ivy2/jars/org.apache.commons_commons-pool2-2.6.2.jar to /tmp/spark-c88a078c-af9e-4e25-90ae-73a9454c9405/userFiles-40cc193b-85ce-4c90-87f9-9018cb4144e3/org.apache.commons_commons-pool2-2.6.2.jar
22/04/10 14:22:32 INFO SparkContext: Added file file:///opt/bitnami/spark/.ivy2/jars/org.spark-project.spark_unused-1.0.0.jar at file:///opt/bitnami/spark/.ivy2/jars/org.spark-project.spark_unused-1.0.0.jar with timestamp 1649600552148
22/04/10 14:22:32 INFO Utils: Copying /opt/bitnami/spark/.ivy2/jars/org.spark-project.spark_unused-1.0.0.jar to /tmp/spark-c88a078c-af9e-4e25-90ae-73a9454c9405/userFiles-40cc193b-85ce-4c90-87f9-9018cb4144e3/org.spark-project.spark_unused-1.0.0.jar
22/04/10 14:22:32 INFO SparkContext: Added file file:///opt/bitnami/spark/.ivy2/jars/com.github.luben_zstd-jni-1.4.4-3.jar at file:///opt/bitnami/spark/.ivy2/jars/com.github.luben_zstd-jni-1.4.4-3.jar with timestamp 1649600552159
22/04/10 14:22:32 INFO Utils: Copying /opt/bitnami/spark/.ivy2/jars/com.github.luben_zstd-jni-1.4.4-3.jar to /tmp/spark-c88a078c-af9e-4e25-90ae-73a9454c9405/userFiles-40cc193b-85ce-4c90-87f9-9018cb4144e3/com.github.luben_zstd-jni-1.4.4-3.jar
22/04/10 14:22:32 INFO SparkContext: Added file file:///opt/bitnami/spark/.ivy2/jars/org.lz4_lz4-java-1.7.1.jar at file:///opt/bitnami/spark/.ivy2/jars/org.lz4_lz4-java-1.7.1.jar with timestamp 1649600552179
22/04/10 14:22:32 INFO Utils: Copying /opt/bitnami/spark/.ivy2/jars/org.lz4_lz4-java-1.7.1.jar to /tmp/spark-c88a078c-af9e-4e25-90ae-73a9454c9405/userFiles-40cc193b-85ce-4c90-87f9-9018cb4144e3/org.lz4_lz4-java-1.7.1.jar
22/04/10 14:22:32 INFO SparkContext: Added file file:///opt/bitnami/spark/.ivy2/jars/org.xerial.snappy_snappy-java-1.1.7.5.jar at file:///opt/bitnami/spark/.ivy2/jars/org.xerial.snappy_snappy-java-1.1.7.5.jar with timestamp 1649600552193
22/04/10 14:22:32 INFO Utils: Copying /opt/bitnami/spark/.ivy2/jars/org.xerial.snappy_snappy-java-1.1.7.5.jar to /tmp/spark-c88a078c-af9e-4e25-90ae-73a9454c9405/userFiles-40cc193b-85ce-4c90-87f9-9018cb4144e3/org.xerial.snappy_snappy-java-1.1.7.5.jar
22/04/10 14:22:32 INFO SparkContext: Added file file:///opt/bitnami/spark/.ivy2/jars/org.slf4j_slf4j-api-1.7.30.jar at file:///opt/bitnami/spark/.ivy2/jars/org.slf4j_slf4j-api-1.7.30.jar with timestamp 1649600552231
22/04/10 14:22:32 INFO Utils: Copying /opt/bitnami/spark/.ivy2/jars/org.slf4j_slf4j-api-1.7.30.jar to /tmp/spark-c88a078c-af9e-4e25-90ae-73a9454c9405/userFiles-40cc193b-85ce-4c90-87f9-9018cb4144e3/org.slf4j_slf4j-api-1.7.30.jar
22/04/10 14:22:32 INFO Executor: Starting executor ID driver on host cffe6c633ac4
22/04/10 14:22:32 INFO Utils: Successfully started service 'org.apache.spark.network.netty.NettyBlockTransferService' on port 33461.
22/04/10 14:22:32 INFO NettyBlockTransferService: Server created on cffe6c633ac4:33461
22/04/10 14:22:32 INFO BlockManager: Using org.apache.spark.storage.RandomBlockReplicationPolicy for block replication policy
22/04/10 14:22:32 INFO BlockManagerMaster: Registering BlockManager BlockManagerId(driver, cffe6c633ac4, 33461, None)
22/04/10 14:22:32 INFO BlockManagerMasterEndpoint: Registering block manager cffe6c633ac4:33461 with 366.3 MiB RAM, BlockManagerId(driver, cffe6c633ac4, 33461, None)
22/04/10 14:22:32 INFO BlockManagerMaster: Registered BlockManager BlockManagerId(driver, cffe6c633ac4, 33461, None)
22/04/10 14:22:32 INFO BlockManager: Initialized BlockManager: BlockManagerId(driver, cffe6c633ac4, 33461, None)
22/04/10 14:22:33 INFO SharedState: Setting hive.metastore.warehouse.dir ('null') to the value of spark.sql.warehouse.dir ('file:/opt/bitnami/spark/spark-warehouse').
22/04/10 14:22:33 INFO SharedState: Warehouse path is 'file:/opt/bitnami/spark/spark-warehouse'.
22/04/10 14:22:38 WARN StreamingQueryManager: Temporary checkpoint location created which is deleted normally when the query didn't fail: /tmp/temporary-174256b2-0e24-4c75-a8b8-76f7d385d76f. If it's required to delete it under any circumstances, please set spark.sql.streaming.forceDeleteTempCheckpointLocation to true. Important to know deleting temp checkpoint folder is best effort.
-------------------------------------------
Batch: 0
-------------------------------------------
+--------------------+---------+
|               email|birthYear|
+--------------------+---------+
|Ashley.Anderson@t...|     1965|
|David.Phillips@te...|     1964|
|Sarah.Clark@test.com|     1963|
|Eric.Lincoln@test...|     1962|
|Eric.Aristotle@te...|     1961|
| Frank.Huey@test.com|     1960|
| Craig.Huey@test.com|     1959|
| Sean.Mitra@test.com|     1958|
|Senthil.Anderson@...|     1957|
| Eric.Smith@test.com|     1956|
| Sean.Smith@test.com|     1955|
|Sarah.Gonzalez@te...|     1954|
|Neeraj.Sanchez@te...|     1953|
|Ben.Clayton@test.com|     1952|
|Chris.Anderson@te...|     1951|
|Jerry.Davis@test.com|     1950|
|Senthil.Anandh@te...|     1949|
|Jerry.Ahmed@test.com|     1948|
|  Dan.Clark@test.com|     1947|
|Senthil.Phillips@...|     1946|
+--------------------+---------+
only showing top 20 rows

-------------------------------------------
Batch: 1
-------------------------------------------
+-----+---------+
|email|birthYear|
+-----+---------+
+-----+---------+

-------------------------------------------
Batch: 2
-------------------------------------------
+-----+---------+
|email|birthYear|
+-----+---------+
+-----+---------+

-------------------------------------------
Batch: 3
-------------------------------------------
+-----+---------+
|email|birthYear|
+-----+---------+
+-----+---------+

-------------------------------------------
Batch: 4
-------------------------------------------
+-----+---------+
|email|birthYear|
+-----+---------+
+-----+---------+

-------------------------------------------
Batch: 5
-------------------------------------------
+-----+---------+
|email|birthYear|
+-----+---------+
+-----+---------+

-------------------------------------------
Batch: 6
-------------------------------------------
+-----+---------+
|email|birthYear|
+-----+---------+
+-----+---------+

-------------------------------------------
Batch: 7
-------------------------------------------
+-----+---------+
|email|birthYear|
+-----+---------+
+-----+---------+

-------------------------------------------
Batch: 8
-------------------------------------------
+-----+---------+
|email|birthYear|
+-----+---------+
+-----+---------+

-------------------------------------------
Batch: 9
-------------------------------------------
+-----+---------+
|email|birthYear|
+-----+---------+
+-----+---------+

-------------------------------------------
Batch: 10
-------------------------------------------
+-----+---------+
|email|birthYear|
+-----+---------+
+-----+---------+

-------------------------------------------
Batch: 11
-------------------------------------------
+-----+---------+
|email|birthYear|
+-----+---------+
+-----+---------+

-------------------------------------------
Batch: 12
-------------------------------------------
+-----+---------+
|email|birthYear|
+-----+---------+
+-----+---------+

-------------------------------------------
Batch: 13
-------------------------------------------
+-----+---------+
|email|birthYear|
+-----+---------+
+-----+---------+

-------------------------------------------
Batch: 14
-------------------------------------------
+-----+---------+
|email|birthYear|
+-----+---------+
+-----+---------+

-------------------------------------------
Batch: 15
-------------------------------------------
+-----+---------+
|email|birthYear|
+-----+---------+
+-----+---------+

-------------------------------------------
Batch: 16
-------------------------------------------
+-----+---------+
|email|birthYear|
+-----+---------+
+-----+---------+

-------------------------------------------
Batch: 17
-------------------------------------------
+-----+---------+
|email|birthYear|
+-----+---------+
+-----+---------+

-------------------------------------------
Batch: 18
-------------------------------------------
+-----+---------+
|email|birthYear|
+-----+---------+
+-----+---------+

-------------------------------------------
Batch: 19
-------------------------------------------
+-----+---------+
|email|birthYear|
+-----+---------+
+-----+---------+

-------------------------------------------
Batch: 20
-------------------------------------------
+-----+---------+
|email|birthYear|
+-----+---------+
+-----+---------+

-------------------------------------------
Batch: 21
-------------------------------------------
+-----+---------+
|email|birthYear|
+-----+---------+
+-----+---------+

-------------------------------------------
Batch: 22
-------------------------------------------
+-----+---------+
|email|birthYear|
+-----+---------+
+-----+---------+

-------------------------------------------
Batch: 23
-------------------------------------------
+-----+---------+
|email|birthYear|
+-----+---------+
+-----+---------+

-------------------------------------------
Batch: 24
-------------------------------------------
+-----+---------+
|email|birthYear|
+-----+---------+
+-----+---------+

-------------------------------------------
Batch: 25
-------------------------------------------
+-----+---------+
|email|birthYear|
+-----+---------+
+-----+---------+

-------------------------------------------
Batch: 26
-------------------------------------------
+-----+---------+
|email|birthYear|
+-----+---------+
+-----+---------+

-------------------------------------------
Batch: 27
-------------------------------------------
+-----+---------+
|email|birthYear|
+-----+---------+
+-----+---------+

-------------------------------------------
Batch: 28
-------------------------------------------
+-----+---------+
|email|birthYear|
+-----+---------+
+-----+---------+

-------------------------------------------
Batch: 29
-------------------------------------------
+-----+---------+
|email|birthYear|
+-----+---------+
+-----+---------+

-------------------------------------------
Batch: 30
-------------------------------------------
+-----+---------+
|email|birthYear|
+-----+---------+
+-----+---------+

-------------------------------------------
Batch: 31
-------------------------------------------
+-----+---------+
|email|birthYear|
+-----+---------+
+-----+---------+

-------------------------------------------
Batch: 32
-------------------------------------------
+-----+---------+
|email|birthYear|
+-----+---------+
+-----+---------+

-------------------------------------------
Batch: 33
-------------------------------------------
+-----+---------+
|email|birthYear|
+-----+---------+
+-----+---------+

-------------------------------------------
Batch: 34
-------------------------------------------
+-----+---------+
|email|birthYear|
+-----+---------+
+-----+---------+

-------------------------------------------
Batch: 35
-------------------------------------------
+-----+---------+
|email|birthYear|
+-----+---------+
+-----+---------+

-------------------------------------------
Batch: 36
-------------------------------------------
+-----+---------+
|email|birthYear|
+-----+---------+
+-----+---------+

-------------------------------------------
Batch: 37
-------------------------------------------
+-----+---------+
|email|birthYear|
+-----+---------+
+-----+---------+

-------------------------------------------
Batch: 38
-------------------------------------------
+-----+---------+
|email|birthYear|
+-----+---------+
+-----+---------+

-------------------------------------------
Batch: 39
-------------------------------------------
+-----+---------+
|email|birthYear|
+-----+---------+
+-----+---------+

-------------------------------------------
Batch: 40
-------------------------------------------
+-----+---------+
|email|birthYear|
+-----+---------+
+-----+---------+

-------------------------------------------
Batch: 41
-------------------------------------------
+-----+---------+
|email|birthYear|
+-----+---------+
+-----+---------+

-------------------------------------------
Batch: 42
-------------------------------------------
+-----+---------+
|email|birthYear|
+-----+---------+
+-----+---------+

-------------------------------------------
Batch: 43
-------------------------------------------
+-----+---------+
|email|birthYear|
+-----+---------+
+-----+---------+

-------------------------------------------
Batch: 44
-------------------------------------------
+-----+---------+
|email|birthYear|
+-----+---------+
+-----+---------+

-------------------------------------------
Batch: 45
-------------------------------------------
+-----+---------+
|email|birthYear|
+-----+---------+
+-----+---------+

-------------------------------------------
Batch: 46
-------------------------------------------
+-----+---------+
|email|birthYear|
+-----+---------+
+-----+---------+

-------------------------------------------
Batch: 47
-------------------------------------------
+-----+---------+
|email|birthYear|
+-----+---------+
+-----+---------+

-------------------------------------------
Batch: 48
-------------------------------------------
+-----+---------+
|email|birthYear|
+-----+---------+
+-----+---------+

-------------------------------------------
Batch: 49
-------------------------------------------
+-----+---------+
|email|birthYear|
+-----+---------+
+-----+---------+

-------------------------------------------
Batch: 50
-------------------------------------------
+-----+---------+
|email|birthYear|
+-----+---------+
+-----+---------+

-------------------------------------------
Batch: 51
-------------------------------------------
+-----+---------+
|email|birthYear|
+-----+---------+
+-----+---------+

-------------------------------------------
Batch: 52
-------------------------------------------
+-----+---------+
|email|birthYear|
+-----+---------+
+-----+---------+

-------------------------------------------
Batch: 53
-------------------------------------------
+-----+---------+
|email|birthYear|
+-----+---------+
+-----+---------+

-------------------------------------------
Batch: 54
-------------------------------------------
+-----+---------+
|email|birthYear|
+-----+---------+
+-----+---------+

-------------------------------------------
Batch: 55
-------------------------------------------
+-----+---------+
|email|birthYear|
+-----+---------+
+-----+---------+

-------------------------------------------
Batch: 56
-------------------------------------------
+-----+---------+
|email|birthYear|
+-----+---------+
+-----+---------+

-------------------------------------------
Batch: 57
-------------------------------------------
+-----+---------+
|email|birthYear|
+-----+---------+
+-----+---------+

-------------------------------------------
Batch: 58
-------------------------------------------
+-----+---------+
|email|birthYear|
+-----+---------+
+-----+---------+

-------------------------------------------
Batch: 59
-------------------------------------------
+-----+---------+
|email|birthYear|
+-----+---------+
+-----+---------+

-------------------------------------------
Batch: 60
-------------------------------------------
+-----+---------+
|email|birthYear|
+-----+---------+
+-----+---------+

-------------------------------------------
Batch: 61
-------------------------------------------
+-----+---------+
|email|birthYear|
+-----+---------+
+-----+---------+

-------------------------------------------
Batch: 62
-------------------------------------------
+-----+---------+
|email|birthYear|
+-----+---------+
+-----+---------+

-------------------------------------------
Batch: 63
-------------------------------------------
+-----+---------+
|email|birthYear|
+-----+---------+
+-----+---------+

-------------------------------------------
Batch: 64
-------------------------------------------
+-----+---------+
|email|birthYear|
+-----+---------+
+-----+---------+

-------------------------------------------
Batch: 65
-------------------------------------------
+-----+---------+
|email|birthYear|
+-----+---------+
+-----+---------+

-------------------------------------------
Batch: 66
-------------------------------------------
+-----+---------+
|email|birthYear|
+-----+---------+
+-----+---------+

-------------------------------------------
Batch: 67
-------------------------------------------
+-----+---------+
|email|birthYear|
+-----+---------+
+-----+---------+

-------------------------------------------
Batch: 68
-------------------------------------------
+-----+---------+
|email|birthYear|
+-----+---------+
+-----+---------+

-------------------------------------------
Batch: 69
-------------------------------------------
+-----+---------+
|email|birthYear|
+-----+---------+
+-----+---------+

-------------------------------------------
Batch: 70
-------------------------------------------
+-----+---------+
|email|birthYear|
+-----+---------+
+-----+---------+

-------------------------------------------
Batch: 71
-------------------------------------------
+-----+---------+
|email|birthYear|
+-----+---------+
+-----+---------+

-------------------------------------------
Batch: 72
-------------------------------------------
+-----+---------+
|email|birthYear|
+-----+---------+
+-----+---------+

-------------------------------------------
Batch: 73
-------------------------------------------
+-----+---------+
|email|birthYear|
+-----+---------+
+-----+---------+

-------------------------------------------
Batch: 74
-------------------------------------------
+-----+---------+
|email|birthYear|
+-----+---------+
+-----+---------+

-------------------------------------------
Batch: 75
-------------------------------------------
+-----+---------+
|email|birthYear|
+-----+---------+
+-----+---------+

-------------------------------------------
Batch: 76
-------------------------------------------
+-----+---------+
|email|birthYear|
+-----+---------+
+-----+---------+

-------------------------------------------
Batch: 77
-------------------------------------------
+-----+---------+
|email|birthYear|
+-----+---------+
+-----+---------+

-------------------------------------------
Batch: 78
-------------------------------------------
+-----+---------+
|email|birthYear|
+-----+---------+
+-----+---------+

-------------------------------------------
Batch: 79
-------------------------------------------
+-----+---------+
|email|birthYear|
+-----+---------+
+-----+---------+

-------------------------------------------
Batch: 80
-------------------------------------------
+-----+---------+
|email|birthYear|
+-----+---------+
+-----+---------+

-------------------------------------------
Batch: 81
-------------------------------------------
+-----+---------+
|email|birthYear|
+-----+---------+
+-----+---------+

-------------------------------------------
Batch: 82
-------------------------------------------
+-----+---------+
|email|birthYear|
+-----+---------+
+-----+---------+

-------------------------------------------
Batch: 83
-------------------------------------------
+-----+---------+
|email|birthYear|
+-----+---------+
+-----+---------+

-------------------------------------------
Batch: 84
-------------------------------------------
+-----+---------+
|email|birthYear|
+-----+---------+
+-----+---------+

-------------------------------------------
Batch: 85
-------------------------------------------
+-----+---------+
|email|birthYear|
+-----+---------+
+-----+---------+

-------------------------------------------
Batch: 86
-------------------------------------------
+-----+---------+
|email|birthYear|
+-----+---------+
+-----+---------+

-------------------------------------------
Batch: 87
-------------------------------------------
+-----+---------+
|email|birthYear|
+-----+---------+
+-----+---------+

-------------------------------------------
Batch: 88
-------------------------------------------
+-----+---------+
|email|birthYear|
+-----+---------+
+-----+---------+

-------------------------------------------
Batch: 89
-------------------------------------------
+-----+---------+
|email|birthYear|
+-----+---------+
+-----+---------+

-------------------------------------------
Batch: 90
-------------------------------------------
+-----+---------+
|email|birthYear|
+-----+---------+
+-----+---------+

-------------------------------------------
Batch: 91
-------------------------------------------
+-----+---------+
|email|birthYear|
+-----+---------+
+-----+---------+

-------------------------------------------
Batch: 92
-------------------------------------------
+-----+---------+
|email|birthYear|
+-----+---------+
+-----+---------+

-------------------------------------------
Batch: 93
-------------------------------------------
+-----+---------+
|email|birthYear|
+-----+---------+
+-----+---------+

-------------------------------------------
Batch: 94
-------------------------------------------
+-----+---------+
|email|birthYear|
+-----+---------+
+-----+---------+

-------------------------------------------
Batch: 95
-------------------------------------------
+-----+---------+
|email|birthYear|
+-----+---------+
+-----+---------+

-------------------------------------------
Batch: 96
-------------------------------------------
+-----+---------+
|email|birthYear|
+-----+---------+
+-----+---------+

-------------------------------------------
Batch: 97
-------------------------------------------
+-----+---------+
|email|birthYear|
+-----+---------+
+-----+---------+

-------------------------------------------
Batch: 98
-------------------------------------------
+-----+---------+
|email|birthYear|
+-----+---------+
+-----+---------+

-------------------------------------------
Batch: 99
-------------------------------------------
+-----+---------+
|email|birthYear|
+-----+---------+
+-----+---------+

-------------------------------------------
Batch: 100
-------------------------------------------
+-----+---------+
|email|birthYear|
+-----+---------+
+-----+---------+

-------------------------------------------
Batch: 101
-------------------------------------------
+-----+---------+
|email|birthYear|
+-----+---------+
+-----+---------+

-------------------------------------------
Batch: 102
-------------------------------------------
+-----+---------+
|email|birthYear|
+-----+---------+
+-----+---------+

-------------------------------------------
Batch: 103
-------------------------------------------
+-----+---------+
|email|birthYear|
+-----+---------+
+-----+---------+

-------------------------------------------
Batch: 104
-------------------------------------------
+-----+---------+
|email|birthYear|
+-----+---------+
+-----+---------+

-------------------------------------------
Batch: 105
-------------------------------------------
+-----+---------+
|email|birthYear|
+-----+---------+
+-----+---------+

-------------------------------------------
Batch: 106
-------------------------------------------
+-----+---------+
|email|birthYear|
+-----+---------+
+-----+---------+

-------------------------------------------
Batch: 107
-------------------------------------------
+-----+---------+
|email|birthYear|
+-----+---------+
+-----+---------+

-------------------------------------------
Batch: 108
-------------------------------------------
+-----+---------+
|email|birthYear|
+-----+---------+
+-----+---------+

-------------------------------------------
Batch: 109
-------------------------------------------
+-----+---------+
|email|birthYear|
+-----+---------+
+-----+---------+

-------------------------------------------
Batch: 110
-------------------------------------------
+-----+---------+
|email|birthYear|
+-----+---------+
+-----+---------+

-------------------------------------------
Batch: 111
-------------------------------------------
+-----+---------+
|email|birthYear|
+-----+---------+
+-----+---------+

-------------------------------------------
Batch: 112
-------------------------------------------
+-----+---------+
|email|birthYear|
+-----+---------+
+-----+---------+

-------------------------------------------
Batch: 113
-------------------------------------------
+-----+---------+
|email|birthYear|
+-----+---------+
+-----+---------+

-------------------------------------------
Batch: 114
-------------------------------------------
+-----+---------+
|email|birthYear|
+-----+---------+
+-----+---------+

-------------------------------------------
Batch: 115
-------------------------------------------
+-----+---------+
|email|birthYear|
+-----+---------+
+-----+---------+

-------------------------------------------
Batch: 116
-------------------------------------------
+-----+---------+
|email|birthYear|
+-----+---------+
+-----+---------+

-------------------------------------------
Batch: 117
-------------------------------------------
+-----+---------+
|email|birthYear|
+-----+---------+
+-----+---------+

-------------------------------------------
Batch: 118
-------------------------------------------
+-----+---------+
|email|birthYear|
+-----+---------+
+-----+---------+

-------------------------------------------
Batch: 119
-------------------------------------------
+-----+---------+
|email|birthYear|
+-----+---------+
+-----+---------+

-------------------------------------------
Batch: 120
-------------------------------------------
+-----+---------+
|email|birthYear|
+-----+---------+
+-----+---------+

^CTraceback (most recent call last):
  File "/home/workspace/sparkpyrediskafkastreamtoconsole.py", line 155, in <module>
    .format("console") \
  File "/opt/bitnami/spark/python/lib/pyspark.zip/pyspark/sql/streaming.py", line 103, in awaitTermination
  File "/opt/bitnami/spark/python/lib/py4j-0.10.9-src.zip/py4j/java_gateway.py", line 1303, in __call__
  File "/opt/bitnami/spark/python/lib/py4j-0.10.9-src.zip/py4j/java_gateway.py", line 1033, in send_command
  File "/opt/bitnami/spark/python/lib/py4j-0.10.9-src.zip/py4j/java_gateway.py", line 1200, in send_command
  File "/opt/bitnami/python/lib/python3.6/socket.py", line 586, in readinto
    return self._sock.recv_into(b)
  File "/opt/bitnami/spark/python/lib/pyspark.zip/pyspark/context.py", line 274, in signal_handler
KeyboardInterrupt
