[38;5;6m [38;5;5m17:07:47.31 [0m
[38;5;6m [38;5;5m17:07:47.31 [0m[1mWelcome to the Bitnami spark container[0m
[38;5;6m [38;5;5m17:07:47.31 [0mSubscribe to project updates by watching [1mhttps://github.com/bitnami/bitnami-docker-spark[0m
[38;5;6m [38;5;5m17:07:47.31 [0mSubmit issues and feature requests at [1mhttps://github.com/bitnami/bitnami-docker-spark/issues[0m
[38;5;6m [38;5;5m17:07:47.31 [0m
[38;5;6m [38;5;5m17:07:47.33 [0m[38;5;2mINFO [0m ==> ** Starting Spark setup **
[38;5;6m [38;5;5m17:07:47.34 [0m[38;5;2mINFO [0m ==> Generating Spark configuration file...
[38;5;6m [38;5;5m17:07:47.37 [0m[38;5;2mINFO [0m ==> ** Spark setup finished! **

[38;5;6m [38;5;5m17:07:47.39 [0m[38;5;2mINFO [0m ==> ** Starting Spark in worker mode **
starting org.apache.spark.deploy.worker.Worker, logging to /opt/bitnami/spark/logs/spark--org.apache.spark.deploy.worker.Worker-1-405251c987ed.out
Spark Command: /opt/bitnami/java/bin/java -cp /opt/bitnami/spark/conf/:/opt/bitnami/spark/jars/* -Xmx1g org.apache.spark.deploy.worker.Worker --webui-port 8081 spark://spark:7077
========================================
Using Spark's default log4j profile: org/apache/spark/log4j-defaults.properties
22/04/10 17:07:50 INFO Worker: Started daemon with process name: 38@405251c987ed
22/04/10 17:07:50 INFO SignalUtils: Registered signal handler for TERM
22/04/10 17:07:50 INFO SignalUtils: Registered signal handler for HUP
22/04/10 17:07:50 INFO SignalUtils: Registered signal handler for INT
22/04/10 17:07:52 WARN NativeCodeLoader: Unable to load native-hadoop library for your platform... using builtin-java classes where applicable
22/04/10 17:07:53 INFO SecurityManager: Changing view acls to: spark
22/04/10 17:07:53 INFO SecurityManager: Changing modify acls to: spark
22/04/10 17:07:53 INFO SecurityManager: Changing view acls groups to: 
22/04/10 17:07:53 INFO SecurityManager: Changing modify acls groups to: 
22/04/10 17:07:53 INFO SecurityManager: SecurityManager: authentication disabled; ui acls disabled; users  with view permissions: Set(spark); groups with view permissions: Set(); users  with modify permissions: Set(spark); groups with modify permissions: Set()
22/04/10 17:07:56 INFO Utils: Successfully started service 'sparkWorker' on port 33125.
22/04/10 17:07:56 INFO Worker: Starting Spark worker 172.20.0.4:33125 with 1 cores, 1024.0 MiB RAM
22/04/10 17:07:57 INFO Worker: Running Spark version 3.0.0
22/04/10 17:07:57 INFO Worker: Spark home: /opt/bitnami/spark
22/04/10 17:07:57 INFO ResourceUtils: ==============================================================
22/04/10 17:07:57 INFO ResourceUtils: Resources for spark.worker:

22/04/10 17:07:57 INFO ResourceUtils: ==============================================================
22/04/10 17:07:57 INFO Utils: Successfully started service 'WorkerUI' on port 8081.
22/04/10 17:07:57 INFO WorkerWebUI: Bound WorkerWebUI to 0.0.0.0, and started at http://405251c987ed:8081
22/04/10 17:07:57 INFO Worker: Connecting to master spark:7077...
22/04/10 17:07:58 INFO TransportClientFactory: Successfully created connection to spark/172.20.0.5:7077 after 182 ms (0 ms spent in bootstraps)
22/04/10 17:07:58 INFO Worker: Successfully registered with master spark://355e522ac9ad:7077
