[38;5;6m [38;5;5m14:15:17.46 [0m
[38;5;6m [38;5;5m14:15:17.47 [0m[1mWelcome to the Bitnami spark container[0m
[38;5;6m [38;5;5m14:15:17.47 [0mSubscribe to project updates by watching [1mhttps://github.com/bitnami/bitnami-docker-spark[0m

starting org.apache.spark.deploy.master.Master, logging to /opt/bitnami/spark/logs/spark--org.apache.spark.deploy.master.Master-1-cffe6c633ac4.out
[38;5;6m [38;5;5m14:15:17.48 [0mSubmit issues and feature requests at [1mhttps://github.com/bitnami/bitnami-docker-spark/issues[0m
[38;5;6m [38;5;5m14:15:17.48 [0m
[38;5;6m [38;5;5m14:15:17.49 [0m[38;5;2mINFO [0m ==> ** Starting Spark setup **
[38;5;6m [38;5;5m14:15:17.52 [0m[38;5;2mINFO [0m ==> Generating Spark configuration file...
[38;5;6m [38;5;5m14:15:17.53 [0m[38;5;2mINFO [0m ==> ** Spark setup finished! **
[38;5;6m [38;5;5m14:15:17.54 [0m[38;5;2mINFO [0m ==> ** Starting Spark in master mode **
Spark Command: /opt/bitnami/java/bin/java -cp /opt/bitnami/spark/conf/:/opt/bitnami/spark/jars/* -Xmx1g org.apache.spark.deploy.master.Master --host cffe6c633ac4 --port 7077 --webui-port 8080
========================================
Using Spark's default log4j profile: org/apache/spark/log4j-defaults.properties
22/04/10 14:15:20 INFO Master: Started daemon with process name: 39@cffe6c633ac4
22/04/10 14:15:20 INFO SignalUtils: Registered signal handler for TERM
22/04/10 14:15:20 INFO SignalUtils: Registered signal handler for HUP
22/04/10 14:15:20 INFO SignalUtils: Registered signal handler for INT
22/04/10 14:15:22 WARN NativeCodeLoader: Unable to load native-hadoop library for your platform... using builtin-java classes where applicable
22/04/10 14:15:22 INFO SecurityManager: Changing view acls to: spark
22/04/10 14:15:22 INFO SecurityManager: Changing modify acls to: spark
22/04/10 14:15:22 INFO SecurityManager: Changing view acls groups to: 
22/04/10 14:15:22 INFO SecurityManager: Changing modify acls groups to: 
22/04/10 14:15:22 INFO SecurityManager: SecurityManager: authentication disabled; ui acls disabled; users  with view permissions: Set(spark); groups with view permissions: Set(); users  with modify permissions: Set(spark); groups with modify permissions: Set()
22/04/10 14:15:24 INFO Utils: Successfully started service 'sparkMaster' on port 7077.
22/04/10 14:15:24 INFO Master: Starting Spark master at spark://cffe6c633ac4:7077
22/04/10 14:15:24 INFO Master: Running Spark version 3.0.0
22/04/10 14:15:24 INFO Utils: Successfully started service 'MasterUI' on port 8080.
22/04/10 14:15:25 INFO MasterWebUI: Bound MasterWebUI to 0.0.0.0, and started at http://cffe6c633ac4:8080
22/04/10 14:15:25 INFO Master: I have been elected leader! New state: ALIVE
22/04/10 14:15:25 INFO Master: Registering worker 172.20.0.3:46673 with 1 cores, 1024.0 MiB RAM
